[2026-01-19T11:09:11.959Z] TOOL: draw_cards
ARGS: {
  "spread_slug": "two_paths",
  "question": ""
}

[2026-01-19T11:09:17.279Z] RESULT: draw_cards | OK | 8 cards drawn

[2026-01-19T11:09:18.276Z] TOOL: request_interpretation
ARGS: {}

[2026-01-19T11:09:18.277Z] THINKING MODEL INVOKED
Spread: Two Paths Spread
Question: 

[2026-01-19T11:09:36.234Z] RESULT: request_interpretation | OK | 3790 chars from thinking

[2026-01-19T11:10:15.464Z] TOOL: draw_cards
ARGS: {
  "spread_slug": "diamond_spread",
  "question": ""
}

[2026-01-19T11:10:20.742Z] RESULT: draw_cards | OK | 5 cards drawn

[2026-01-19T11:10:21.541Z] TOOL: request_interpretation
ARGS: {}

[2026-01-19T11:10:21.541Z] THINKING MODEL INVOKED
Spread: Diamond Spread
Question: 

[2026-01-19T11:10:35.672Z] RESULT: request_interpretation | OK | 3321 chars from thinking

[2026-01-19T15:10:33.929Z] TOOL: list_spreads
ARGS: {}

[2026-01-19T15:10:33.931Z] RESULT: list_spreads | OK | 4 spreads

[2026-01-19T15:10:43.119Z] TOOL: draw_cards
ARGS: {
  "spread_slug": "two_paths",
  "question": "I recently met Shany, who just separated from her boyfriend after they had a pregnancy and an abortion. We clicked. Should I pursue a romantic connection with her, or hold back? Is she ready? Please compare the two choices (pursue vs hold back) and advise how to make the choice."
}

[2026-01-19T15:10:48.497Z] RESULT: draw_cards | OK | 8 cards drawn

[2026-01-19T15:10:54.975Z] TOOL: request_interpretation
ARGS: {
  "focus_area": "Should I pursue a romantic connection with Shany or hold back; is she ready?"
}

[2026-01-19T15:10:54.975Z] THINKING MODEL INVOKED
Spread: Two Paths Spread
Question: I recently met Shany, who just separated from her boyfriend after they had a pregnancy and an abortion. We clicked. Should I pursue a romantic connection with her, or hold back? Is she ready? Please compare the two choices (pursue vs hold back) and advise how to make the choice.

[2026-01-19T15:11:34.143Z] RESULT: request_interpretation | OK | 7435 chars from thinking

[2026-01-19T15:20:01.784Z] TOOL: draw_cards
ARGS: {
  "spread_slug": "energy_mix",
  "question": "Energy mix between me (the querent) and Shany — what are our current energies, how do they interact, and what should we be aware of?"
}

[2026-01-19T15:20:07.162Z] RESULT: draw_cards | OK | 4 cards drawn

[2026-01-19T15:20:10.576Z] TOOL: request_interpretation
ARGS: {}

[2026-01-19T15:20:10.577Z] THINKING MODEL INVOKED
Spread: Energy Mix Spread
Question: Energy mix between me (the querent) and Shany — what are our current energies, how do they interact, and what should we be aware of?

[2026-01-19T15:20:33.507Z] RESULT: request_interpretation | OK | 4479 chars from thinking

[2026-01-19T15:41:08.539Z] TOOL: list_spreads
ARGS: {}

[2026-01-19T15:41:08.543Z] RESULT: list_spreads | OK | 4 spreads

[2026-01-19T15:41:14.221Z] TOOL: draw_cards
ARGS: {
  "custom_positions": [
    "Present state of readiness between you and Shany",
    "Short-term timeline (next 1-3 months): what will happen",
    "Medium-term timeline (3-6 months): what will happen",
    "Advice: how to navigate the timeframe and what to watch for"
  ],
  "question": "What is the timeframe for the 'not-ready' phase between me and Shany? How long until readiness or what is the time-scope; and advice?"
}

[2026-01-19T15:41:19.576Z] RESULT: draw_cards | OK | 4 cards drawn

[2026-01-19T15:41:20.975Z] TOOL: request_interpretation
ARGS: {}

[2026-01-19T15:41:20.975Z] THINKING MODEL INVOKED
Spread: Custom Spread
Question: What is the timeframe for the 'not-ready' phase between me and Shany? How long until readiness or what is the time-scope; and advice?

[2026-01-19T15:41:44.501Z] RESULT: request_interpretation | OK | 4877 chars from thinking

[2026-01-19T16:12:51.828Z] TOOL: list_spreads
ARGS: {}

[2026-01-19T16:12:51.830Z] RESULT: list_spreads | OK | 4 spreads

[2026-01-19T16:51:47.419Z] TOOL: list_spreads
ARGS: {}

[2026-01-19T16:51:47.421Z] RESULT: list_spreads | OK | 4 spreads

[2026-01-19T16:51:48.835Z] TOOL: draw_cards
ARGS: {
  "spread_slug": "energy_mix",
  "question": "What does the current situation look like between me and Dikla, and how should I handle it?"
}

[2026-01-19T16:51:54.161Z] RESULT: draw_cards | OK | 4 cards drawn

[2026-01-19T16:51:55.469Z] TOOL: request_interpretation
ARGS: {}

[2026-01-19T16:51:55.470Z] THINKING MODEL INVOKED
Spread: Energy Mix Spread
Question: What does the current situation look like between me and Dikla, and how should I handle it?

[2026-01-19T16:52:18.286Z] RESULT: request_interpretation | OK | 4246 chars from thinking

[2026-01-19T16:56:35.517Z] TOOL: draw_cards
ARGS: {
  "spread_slug": "diamond_spread",
  "question": "What is the overall situation with Dikla?"
}

[2026-01-19T16:56:40.808Z] RESULT: draw_cards | OK | 5 cards drawn

[2026-01-19T16:56:41.583Z] TOOL: request_interpretation
ARGS: {}

[2026-01-19T16:56:41.584Z] THINKING MODEL INVOKED
Spread: Diamond Spread
Question: What is the overall situation with Dikla?

[2026-01-19T16:57:02.976Z] RESULT: request_interpretation | OK | 4617 chars from thinking

[2026-01-20T08:59:03.252Z] TOOL: list_spreads
ARGS: {}

[2026-01-20T08:59:03.252Z] RESULT: list_spreads | OK | 4 spreads

[2026-01-20T08:59:04.846Z] TOOL: draw_cards
ARGS: {
  "spread_slug": "diamond_spread",
  "question": "What does today look like for me?"
}

[2026-01-20T08:59:05.771Z] RESULT: draw_cards | OK | 5 cards drawn

[2026-01-20T08:59:06.442Z] TOOL: request_interpretation
ARGS: {}

[2026-01-20T08:59:06.442Z] THINKING MODEL INVOKED
Spread: Diamond Spread
Question: What does today look like for me?

[2026-01-20T08:59:23.538Z] RESULT: request_interpretation | OK | 3786 chars from thinking

[2026-01-20T09:07:36.967Z] TOOL: request_interpretation
ARGS: {
  "focus_area": "Six of Wands"
}

[2026-01-20T09:07:36.969Z] THINKING MODEL INVOKED
Spread: Diamond Spread
Question: What does today look like for me?

[2026-01-20T09:08:11.628Z] RESULT: request_interpretation | OK | 4876 chars from thinking

[2026-01-20T09:08:11.628Z] TOOL: request_interpretation
ARGS: {
  "focus_area": "Seven of Swords"
}

[2026-01-20T09:08:11.628Z] THINKING MODEL INVOKED
Spread: Diamond Spread
Question: What does today look like for me?

[2026-01-20T09:08:38.408Z] RESULT: request_interpretation | OK | 5980 chars from thinking

[2026-01-20T09:39:03.670Z] TOOL: draw_cards
ARGS: {
  "spread_slug": "energy_mix",
  "question": "What are the energies between me and Elinor?"
}

[2026-01-20T09:39:04.560Z] RESULT: draw_cards | OK | 4 cards drawn

[2026-01-20T09:39:05.359Z] TOOL: request_interpretation
ARGS: {}

[2026-01-20T09:39:05.360Z] THINKING MODEL INVOKED
Spread: Energy Mix Spread
Question: What are the energies between me and Elinor?

[2026-01-20T09:39:25.688Z] RESULT: request_interpretation | OK | 4095 chars from thinking

[2026-01-20T09:42:20.714Z] TOOL: draw_cards
ARGS: {
  "spread_slug": "diamond_spread",
  "question": "What is the overview of the connection with Elinor and what advice can be given?"
}

[2026-01-20T09:42:21.353Z] RESULT: draw_cards | OK | 5 cards drawn

[2026-01-20T09:42:22.656Z] TOOL: request_interpretation
ARGS: {}

[2026-01-20T09:42:22.656Z] THINKING MODEL INVOKED
Spread: Diamond Spread
Question: What is the overview of the connection with Elinor and what advice can be given?

[2026-01-20T09:42:53.024Z] RESULT: request_interpretation | OK | 5520 chars from thinking

[2026-01-20T09:55:24.302Z] TOOL: draw_cards
ARGS: {
  "custom_positions": [
    "Present",
    "Coming Months",
    "Year"
  ],
  "question": "What is the relationship forecast between me and Elinor?"
}

[2026-01-20T09:55:25.208Z] RESULT: draw_cards | OK | 3 cards drawn

[2026-01-20T09:58:34.260Z] TOOL: draw_cards
ARGS: {
  "custom_positions": [
    "Clarification for the Wheel of Fortune"
  ],
  "question": "What specific changes or dynamics can be expected in the coming months for the relationship with Elinor?"
}

[2026-01-20T09:58:34.861Z] RESULT: draw_cards | OK | 1 cards drawn

[2026-01-20T13:00:32.273Z] TOOL: draw_cards
ARGS: {
  "spread_slug": "energy_mix",
  "question": "What is the energy dynamic between me and Shaya?"
}

[2026-01-20T13:00:33.182Z] RESULT: draw_cards | OK | 4 cards drawn

[2026-01-20T13:00:34.316Z] TOOL: request_interpretation
ARGS: {}

[2026-01-20T13:00:34.317Z] THINKING MODEL INVOKED
Spread: Energy Mix Spread
Question: What is the energy dynamic between me and Shaya?

[2026-01-20T13:00:56.064Z] RESULT: request_interpretation | OK | 4245 chars from thinking

[2026-01-20T13:04:50.524Z] TOOL: request_interpretation
ARGS: {
  "focus_area": "The Tower (Reversed)"
}

[2026-01-20T13:04:50.526Z] THINKING MODEL INVOKED
Spread: Energy Mix Spread
Question: What is the energy dynamic between me and Shaya?

[2026-01-20T13:05:06.363Z] RESULT: request_interpretation | OK | 3728 chars from thinking

[2026-01-20T13:09:51.707Z] TOOL: draw_cards
ARGS: {
  "question": "What further clarification do I need on the Tower (Reversed)?",
  "spread_slug": "one_card"
}

[2026-01-20T13:09:51.708Z] RESULT: draw_cards | FAIL | Unknown spread: one_card. Available spreads: energy_mix, diamond_spread, two_paths, blockage

[2026-01-20T13:09:53.515Z] TOOL: draw_cards
ARGS: {
  "question": "What further clarification do I need on the Tower (Reversed)?",
  "custom_positions": [
    "Clarification on the Tower (Reversed)"
  ]
}

[2026-01-20T13:09:54.430Z] RESULT: draw_cards | OK | 1 cards drawn

[2026-01-20T13:11:43.498Z] TOOL: draw_cards
ARGS: {
  "spread_slug": "diamond_spread",
  "question": "Overview of the situation with Shaya."
}

[2026-01-20T13:11:44.046Z] RESULT: draw_cards | OK | 5 cards drawn

[2026-01-20T13:44:37.482Z] TOOL: list_spreads
ARGS: {}

[2026-01-20T13:44:37.483Z] RESULT: list_spreads | OK | 4 spreads

[2026-01-20T13:44:39.023Z] TOOL: draw_cards
ARGS: {
  "spread_slug": "diamond_spread",
  "question": "What does the user's future hold in their career?"
}

[2026-01-20T13:44:39.933Z] RESULT: draw_cards | OK | 5 cards drawn

[2026-01-20T13:44:40.790Z] TOOL: request_interpretation
ARGS: {}

[2026-01-20T13:44:40.790Z] THINKING MODEL INVOKED
Spread: Diamond Spread
Question: What does the user's future hold in their career?

[2026-01-20T13:44:59.437Z] RESULT: request_interpretation | OK | 4518 chars from thinking

[2026-01-20T14:00:01.441Z] TOOL: draw_cards
ARGS: {
  "spread_slug": "diamond_spread",
  "question": "Overview of my day"
}

[2026-01-20T14:00:02.336Z] RESULT: draw_cards | OK | 5 cards drawn

[2026-01-20T14:00:03.225Z] TOOL: request_interpretation
ARGS: {}

[2026-01-20T14:00:03.225Z] THINKING MODEL INVOKED
Spread: Diamond Spread
Question: Overview of my day

[2026-01-20T14:00:23.554Z] RESULT: request_interpretation | OK | 4177 chars from thinking

[2026-01-20T14:01:24.529Z] TOOL: draw_cards
ARGS: {
  "custom_positions": [
    "Morning",
    "Noon",
    "Evening"
  ],
  "question": "Overview of my day by segments"
}

[2026-01-20T14:01:25.111Z] RESULT: draw_cards | OK | 3 cards drawn

[2026-01-20T14:01:26.162Z] TOOL: request_interpretation
ARGS: {}

[2026-01-20T14:01:26.163Z] THINKING MODEL INVOKED
Spread: Custom Spread
Question: Overview of my day by segments

[2026-01-20T14:01:40.855Z] RESULT: request_interpretation | OK | 2738 chars from thinking

[2026-01-20T14:12:45.902Z] TOOL: draw_cards
ARGS: {
  "spread_slug": "diamond_spread",
  "question": "What is the overview of my day?"
}

[2026-01-20T14:12:46.846Z] RESULT: draw_cards | OK | 5 cards drawn

[2026-01-20T14:12:47.757Z] TOOL: request_interpretation
ARGS: {}

[2026-01-20T14:12:47.758Z] THINKING MODEL INVOKED
Spread: Diamond Spread
Question: What is the overview of my day?

[2026-01-20T14:13:11.102Z] RESULT: request_interpretation | OK | 4220 chars from thinking

[2026-01-20T14:15:05.390Z] TOOL: draw_cards
ARGS: {
  "custom_positions": [
    "Morning",
    "Noon",
    "Evening"
  ],
  "question": "What should I focus on during morning, noon, and evening?"
}

[2026-01-20T14:15:05.949Z] RESULT: draw_cards | OK | 3 cards drawn

[2026-01-20T14:15:07.020Z] TOOL: request_interpretation
ARGS: {}

[2026-01-20T14:15:07.020Z] THINKING MODEL INVOKED
Spread: Custom Spread
Question: What should I focus on during morning, noon, and evening?

[2026-01-20T14:15:20.441Z] RESULT: request_interpretation | OK | 2388 chars from thinking

[2026-01-20T14:24:23.923Z] TOOL: draw_cards
ARGS: {
  "spread_slug": "diamond_spread",
  "question": "What can I expect for my day?"
}

[2026-01-20T14:24:24.869Z] RESULT: draw_cards | OK | 5 cards drawn

[2026-01-20T14:24:25.717Z] TOOL: request_interpretation
ARGS: {}

[2026-01-20T14:24:25.719Z] THINKING MODEL INVOKED
Spread: Diamond Spread
Question: What can I expect for my day?

[2026-01-20T14:24:45.133Z] RESULT: request_interpretation | OK | 3584 chars from thinking

[2026-01-20T14:32:10.939Z] TOOL: draw_cards
ARGS: {
  "spread_slug": "diamond_spread",
  "question": ""
}

[2026-01-20T14:32:11.866Z] RESULT: draw_cards | OK | 5 cards drawn

[2026-01-20T14:32:12.683Z] TOOL: request_interpretation
ARGS: {}

[2026-01-20T14:32:12.684Z] THINKING MODEL INVOKED
Spread: Diamond Spread
Question: 

[2026-01-20T14:32:36.513Z] RESULT: request_interpretation | OK | 4543 chars from thinking

